<?xml version="1.0" encoding="UTF-8"?>
<coverage generated="1524998318570" clover="3.2.0">
  <project timestamp="1524998318571" name="All files">
    <metrics statements="32" coveredstatements="21" conditionals="6" coveredconditionals="4" methods="11" coveredmethods="7" elements="49" coveredelements="32" complexity="0" loc="32" ncloc="32" packages="4" files="7" classes="7">
      <package name="src.components">
        <metrics statements="1" coveredstatements="1" conditionals="0" coveredconditionals="0" methods="1" coveredmethods="1"/>
        <file name="App.js" path="C:\Users\Envy\AndelaChallenge\business-connect-frontend\src\components\App.js">
          <metrics statements="1" coveredstatements="1" conditionals="0" coveredconditionals="0" methods="1" coveredmethods="1"/>
          <line num="9" count="1" type="stmt"/>
        </file>
      </package>
      <package name="src.components.common">
        <metrics statements="2" coveredstatements="2" conditionals="0" coveredconditionals="0" methods="2" coveredmethods="2"/>
        <file name="Footer.js" path="C:\Users\Envy\AndelaChallenge\business-connect-frontend\src\components\common\Footer.js">
          <metrics statements="1" coveredstatements="1" conditionals="0" coveredconditionals="0" methods="1" coveredmethods="1"/>
          <line num="3" count="2" type="stmt"/>
        </file>
        <file name="Header.js" path="C:\Users\Envy\AndelaChallenge\business-connect-frontend\src\components\common\Header.js">
          <metrics statements="1" coveredstatements="1" conditionals="0" coveredconditionals="0" methods="1" coveredmethods="1"/>
          <line num="3" count="2" type="stmt"/>
        </file>
      </package>
      <package name="src.components.signup">
        <metrics statements="25" coveredstatements="14" conditionals="6" coveredconditionals="4" methods="8" coveredmethods="4"/>
        <file name="Home.js" path="C:\Users\Envy\AndelaChallenge\business-connect-frontend\src\components\signup\Home.js">
          <metrics statements="1" coveredstatements="1" conditionals="0" coveredconditionals="0" methods="1" coveredmethods="1"/>
          <line num="3" count="3" type="stmt"/>
        </file>
        <file name="SignupForm.js" path="C:\Users\Envy\AndelaChallenge\business-connect-frontend\src\components\signup\SignupForm.js">
          <metrics statements="9" coveredstatements="9" conditionals="4" coveredconditionals="4" methods="1" coveredmethods="1"/>
          <line num="4" count="3" type="stmt"/>
          <line num="5" count="7" type="stmt"/>
          <line num="6" count="7" type="cond" truecount="2" falsecount="0"/>
          <line num="7" count="1" type="stmt"/>
          <line num="10" count="6" type="cond" truecount="2" falsecount="0"/>
          <line num="11" count="1" type="stmt"/>
          <line num="18" count="5" type="stmt"/>
          <line num="21" count="7" type="stmt"/>
          <line num="97" count="3" type="stmt"/>
        </file>
        <file name="SignupPage.js" path="C:\Users\Envy\AndelaChallenge\business-connect-frontend\src\components\signup\SignupPage.js">
          <metrics statements="15" coveredstatements="4" conditionals="2" coveredconditionals="0" methods="6" coveredmethods="2"/>
          <line num="8" count="1" type="stmt"/>
          <line num="9" count="1" type="stmt"/>
          <line num="13" count="1" type="stmt"/>
          <line num="17" count="0" type="stmt"/>
          <line num="18" count="0" type="stmt"/>
          <line num="19" count="0" type="stmt"/>
          <line num="20" count="0" type="stmt"/>
          <line num="24" count="0" type="stmt"/>
          <line num="25" count="0" type="stmt"/>
          <line num="33" count="0" type="stmt"/>
          <line num="34" count="0" type="stmt"/>
          <line num="35" count="0" type="stmt"/>
          <line num="37" count="0" type="cond" truecount="0" falsecount="2"/>
          <line num="38" count="0" type="stmt"/>
          <line num="44" count="1" type="stmt"/>
        </file>
      </package>
      <package name="test">
        <metrics statements="4" coveredstatements="4" conditionals="0" coveredconditionals="0" methods="0" coveredmethods="0"/>
        <file name="jestsetup.js" path="C:\Users\Envy\AndelaChallenge\business-connect-frontend\test\jestsetup.js">
          <metrics statements="4" coveredstatements="4" conditionals="0" coveredconditionals="0" methods="0" coveredmethods="0"/>
          <line num="5" count="6" type="stmt"/>
          <line num="8" count="6" type="stmt"/>
          <line num="9" count="6" type="stmt"/>
          <line num="10" count="6" type="stmt"/>
        </file>
      </package>
    </metrics>
  </project>
</coverage>
