{"C:\\Users\\Envy\\AndelaChallenge\\business-connect-frontend\\src\\components\\App.js": {"path":"C:\\Users\\Envy\\AndelaChallenge\\business-connect-frontend\\src\\components\\App.js","statementMap":{"0":{"start":{"line":9,"column":8},"end":{"line":17,"column":10}}},"fnMap":{"0":{"name":"(anonymous_0)","decl":{"start":{"line":8,"column":4},"end":{"line":8,"column":5}},"loc":{"start":{"line":8,"column":13},"end":{"line":18,"column":5}},"line":8}},"branchMap":{},"s":{"0":1},"f":{"0":1},"b":{},"_coverageSchema":"332fd63041d2c1bcb487cc26dd0d5f7d97098a6c","hash":"9accee1d84eb0cb78a0b1e96e7fc8ad7d9aeb9b4"}
,"C:\\Users\\Envy\\AndelaChallenge\\business-connect-frontend\\src\\components\\common\\Footer.js": {"path":"C:\\Users\\Envy\\AndelaChallenge\\business-connect-frontend\\src\\components\\common\\Footer.js","statementMap":{"0":{"start":{"line":3,"column":15},"end":{"line":7,"column":13}},"1":{"start":{"line":3,"column":21},"end":{"line":7,"column":13}}},"fnMap":{"0":{"name":"(anonymous_0)","decl":{"start":{"line":3,"column":15},"end":{"line":3,"column":16}},"loc":{"start":{"line":3,"column":21},"end":{"line":7,"column":13}},"line":3}},"branchMap":{},"s":{"0":2,"1":2},"f":{"0":2},"b":{},"_coverageSchema":"332fd63041d2c1bcb487cc26dd0d5f7d97098a6c","hash":"6779a8ae1b5daf138fed946e5fc74ddd6eef3392"}
,"C:\\Users\\Envy\\AndelaChallenge\\business-connect-frontend\\src\\components\\common\\Header.js": {"path":"C:\\Users\\Envy\\AndelaChallenge\\business-connect-frontend\\src\\components\\common\\Header.js","statementMap":{"0":{"start":{"line":3,"column":15},"end":{"line":25,"column":9}},"1":{"start":{"line":3,"column":21},"end":{"line":25,"column":9}}},"fnMap":{"0":{"name":"(anonymous_0)","decl":{"start":{"line":3,"column":15},"end":{"line":3,"column":16}},"loc":{"start":{"line":3,"column":21},"end":{"line":25,"column":9}},"line":3}},"branchMap":{},"s":{"0":2,"1":2},"f":{"0":2},"b":{},"_coverageSchema":"332fd63041d2c1bcb487cc26dd0d5f7d97098a6c","hash":"530f0e0314cc64c6cb95a1408ed91908b0c33806"}
,"C:\\Users\\Envy\\AndelaChallenge\\business-connect-frontend\\src\\components\\signup\\Home.js": {"path":"C:\\Users\\Envy\\AndelaChallenge\\business-connect-frontend\\src\\components\\signup\\Home.js","statementMap":{"0":{"start":{"line":3,"column":13},"end":{"line":27,"column":10}},"1":{"start":{"line":3,"column":19},"end":{"line":27,"column":10}}},"fnMap":{"0":{"name":"(anonymous_0)","decl":{"start":{"line":3,"column":13},"end":{"line":3,"column":14}},"loc":{"start":{"line":3,"column":19},"end":{"line":27,"column":10}},"line":3}},"branchMap":{},"s":{"0":3,"1":2},"f":{"0":2},"b":{},"_coverageSchema":"332fd63041d2c1bcb487cc26dd0d5f7d97098a6c","hash":"a75bbca7521364b82f927792e3da50e184f64560"}
,"C:\\Users\\Envy\\AndelaChallenge\\business-connect-frontend\\src\\components\\signup\\SignupForm.js": {"path":"C:\\Users\\Envy\\AndelaChallenge\\business-connect-frontend\\src\\components\\signup\\SignupForm.js","statementMap":{"0":{"start":{"line":4,"column":19},"end":{"line":95,"column":1}},"1":{"start":{"line":5,"column":26},"end":{"line":5,"column":30}},"2":{"start":{"line":6,"column":4},"end":{"line":19,"column":5}},"3":{"start":{"line":7,"column":8},"end":{"line":9,"column":15}},"4":{"start":{"line":10,"column":11},"end":{"line":19,"column":5}},"5":{"start":{"line":11,"column":8},"end":{"line":16,"column":15}},"6":{"start":{"line":18,"column":8},"end":{"line":18,"column":31}},"7":{"start":{"line":21,"column":4},"end":{"line":94,"column":6}},"8":{"start":{"line":97,"column":0},"end":{"line":102,"column":2}}},"fnMap":{"0":{"name":"(anonymous_0)","decl":{"start":{"line":4,"column":19},"end":{"line":4,"column":20}},"loc":{"start":{"line":4,"column":28},"end":{"line":95,"column":1}},"line":4}},"branchMap":{"0":{"loc":{"start":{"line":6,"column":4},"end":{"line":19,"column":5}},"type":"if","locations":[{"start":{"line":6,"column":4},"end":{"line":19,"column":5}},{"start":{"line":6,"column":4},"end":{"line":19,"column":5}}],"line":6},"1":{"loc":{"start":{"line":10,"column":11},"end":{"line":19,"column":5}},"type":"if","locations":[{"start":{"line":10,"column":11},"end":{"line":19,"column":5}},{"start":{"line":10,"column":11},"end":{"line":19,"column":5}}],"line":10}},"s":{"0":3,"1":7,"2":7,"3":1,"4":6,"5":1,"6":5,"7":7,"8":3},"f":{"0":7},"b":{"0":[1,6],"1":[1,5]},"_coverageSchema":"332fd63041d2c1bcb487cc26dd0d5f7d97098a6c","hash":"8a4a1042e8f77f8e03e5d5f8649173933e58ad37"}
,"C:\\Users\\Envy\\AndelaChallenge\\business-connect-frontend\\src\\components\\signup\\SignupPage.js": {"path":"C:\\Users\\Envy\\AndelaChallenge\\business-connect-frontend\\src\\components\\signup\\SignupPage.js","statementMap":{"0":{"start":{"line":8,"column":8},"end":{"line":8,"column":21}},"1":{"start":{"line":9,"column":8},"end":{"line":12,"column":10}},"2":{"start":{"line":13,"column":8},"end":{"line":13,"column":80}},"3":{"start":{"line":17,"column":23},"end":{"line":17,"column":35}},"4":{"start":{"line":18,"column":22},"end":{"line":18,"column":34}},"5":{"start":{"line":19,"column":21},"end":{"line":19,"column":32}},"6":{"start":{"line":20,"column":8},"end":{"line":20,"column":41}},"7":{"start":{"line":24,"column":8},"end":{"line":24,"column":31}},"8":{"start":{"line":25,"column":22},"end":{"line":32,"column":9}},"9":{"start":{"line":33,"column":8},"end":{"line":40,"column":11}},"10":{"start":{"line":34,"column":12},"end":{"line":34,"column":71}},"11":{"start":{"line":35,"column":12},"end":{"line":35,"column":33}},"12":{"start":{"line":37,"column":12},"end":{"line":39,"column":13}},"13":{"start":{"line":38,"column":16},"end":{"line":38,"column":79}},"14":{"start":{"line":44,"column":8},"end":{"line":58,"column":10}}},"fnMap":{"0":{"name":"(anonymous_0)","decl":{"start":{"line":7,"column":4},"end":{"line":7,"column":5}},"loc":{"start":{"line":7,"column":23},"end":{"line":14,"column":5}},"line":7},"1":{"name":"(anonymous_1)","decl":{"start":{"line":16,"column":24},"end":{"line":16,"column":25}},"loc":{"start":{"line":16,"column":33},"end":{"line":21,"column":5}},"line":16},"2":{"name":"(anonymous_2)","decl":{"start":{"line":23,"column":27},"end":{"line":23,"column":28}},"loc":{"start":{"line":23,"column":36},"end":{"line":41,"column":5}},"line":23},"3":{"name":"(anonymous_3)","decl":{"start":{"line":33,"column":44},"end":{"line":33,"column":45}},"loc":{"start":{"line":33,"column":56},"end":{"line":36,"column":9}},"line":33},"4":{"name":"(anonymous_4)","decl":{"start":{"line":36,"column":17},"end":{"line":36,"column":18}},"loc":{"start":{"line":36,"column":28},"end":{"line":40,"column":9}},"line":36},"5":{"name":"(anonymous_5)","decl":{"start":{"line":43,"column":4},"end":{"line":43,"column":5}},"loc":{"start":{"line":43,"column":13},"end":{"line":59,"column":5}},"line":43}},"branchMap":{"0":{"loc":{"start":{"line":37,"column":12},"end":{"line":39,"column":13}},"type":"if","locations":[{"start":{"line":37,"column":12},"end":{"line":39,"column":13}},{"start":{"line":37,"column":12},"end":{"line":39,"column":13}}],"line":37}},"s":{"0":1,"1":1,"2":1,"3":0,"4":0,"5":0,"6":0,"7":0,"8":0,"9":0,"10":0,"11":0,"12":0,"13":0,"14":1},"f":{"0":1,"1":0,"2":0,"3":0,"4":0,"5":1},"b":{"0":[0,0]},"_coverageSchema":"332fd63041d2c1bcb487cc26dd0d5f7d97098a6c","hash":"30aa9124b82dff3f139832bf83e1b01816735635"}
,"C:\\Users\\Envy\\AndelaChallenge\\business-connect-frontend\\test\\jestsetup.js": {"path":"C:\\Users\\Envy\\AndelaChallenge\\business-connect-frontend\\test\\jestsetup.js","statementMap":{"0":{"start":{"line":5,"column":0},"end":{"line":5,"column":45}},"1":{"start":{"line":8,"column":0},"end":{"line":8,"column":25}},"2":{"start":{"line":9,"column":0},"end":{"line":9,"column":23}},"3":{"start":{"line":10,"column":0},"end":{"line":10,"column":21}}},"fnMap":{},"branchMap":{},"s":{"0":6,"1":6,"2":6,"3":6},"f":{},"b":{},"_coverageSchema":"332fd63041d2c1bcb487cc26dd0d5f7d97098a6c","hash":"c0c7d1fb1c21cf7c4a2bfe6aab898273981523af"}
}
