TN:
SF:C:\Users\Envy\AndelaChallenge\business-connect-frontend\src\components\App.js
FN:8,(anonymous_0)
FNF:1
FNH:1
FNDA:1,(anonymous_0)
DA:9,1
LF:1
LH:1
BRF:0
BRH:0
end_of_record
TN:
SF:C:\Users\Envy\AndelaChallenge\business-connect-frontend\src\components\common\Footer.js
FN:3,(anonymous_0)
FNF:1
FNH:1
FNDA:2,(anonymous_0)
DA:3,2
LF:1
LH:1
BRF:0
BRH:0
end_of_record
TN:
SF:C:\Users\Envy\AndelaChallenge\business-connect-frontend\src\components\common\Header.js
FN:3,(anonymous_0)
FNF:1
FNH:1
FNDA:2,(anonymous_0)
DA:3,2
LF:1
LH:1
BRF:0
BRH:0
end_of_record
TN:
SF:C:\Users\Envy\AndelaChallenge\business-connect-frontend\src\components\signup\Home.js
FN:3,(anonymous_0)
FNF:1
FNH:1
FNDA:2,(anonymous_0)
DA:3,3
LF:1
LH:1
BRF:0
BRH:0
end_of_record
TN:
SF:C:\Users\Envy\AndelaChallenge\business-connect-frontend\src\components\signup\SignupForm.js
FN:4,(anonymous_0)
FNF:1
FNH:1
FNDA:7,(anonymous_0)
DA:4,3
DA:5,7
DA:6,7
DA:7,1
DA:10,6
DA:11,1
DA:18,5
DA:21,7
DA:97,3
LF:9
LH:9
BRDA:6,0,0,1
BRDA:6,0,1,6
BRDA:10,1,0,1
BRDA:10,1,1,5
BRF:4
BRH:4
end_of_record
TN:
SF:C:\Users\Envy\AndelaChallenge\business-connect-frontend\src\components\signup\SignupPage.js
FN:7,(anonymous_0)
FN:16,(anonymous_1)
FN:23,(anonymous_2)
FN:33,(anonymous_3)
FN:36,(anonymous_4)
FN:43,(anonymous_5)
FNF:6
FNH:2
FNDA:1,(anonymous_0)
FNDA:0,(anonymous_1)
FNDA:0,(anonymous_2)
FNDA:0,(anonymous_3)
FNDA:0,(anonymous_4)
FNDA:1,(anonymous_5)
DA:8,1
DA:9,1
DA:13,1
DA:17,0
DA:18,0
DA:19,0
DA:20,0
DA:24,0
DA:25,0
DA:33,0
DA:34,0
DA:35,0
DA:37,0
DA:38,0
DA:44,1
LF:15
LH:4
BRDA:37,0,0,0
BRDA:37,0,1,0
BRF:2
BRH:0
end_of_record
TN:
SF:C:\Users\Envy\AndelaChallenge\business-connect-frontend\test\jestsetup.js
FNF:0
FNH:0
DA:5,6
DA:8,6
DA:9,6
DA:10,6
LF:4
LH:4
BRF:0
BRH:0
end_of_record
